<testsuites>
  <errors>0</errors>
  <failures>0</failures>
  <tests>4</tests>
  <testsuite>
    <name>full</name>
    <tests>2</tests>
    <skipped>0</skipped>
    <errors>0</errors>
    <failures>0</failures>
    <testcase>
      <name>direc</name>
      <classname>infraRsPortDirection</classname>
    </testcase>
    <testcase>
      <name>tDn</name>
      <classname>infraRsPortDirection</classname>
    </testcase>
  </testsuite>
  <testsuite>
    <name>minimal</name>
    <tests>2</tests>
    <skipped>0</skipped>
    <errors>0</errors>
    <failures>0</failures>
    <testcase>
      <name>direc</name>
      <classname>infraRsPortDirection</classname>
    </testcase>
    <testcase>
      <name>tDn</name>
      <classname>infraRsPortDirection</classname>
    </testcase>
  </testsuite>
</testsuites>